# JRE version: Java(TM) SE Runtime Environment (8.0_333-b02) (build 1.8.0_333-b02)
# Java VM: Java HotSpot(TM) 64-Bit Server VM (25.333-b02 mixed mode windows-amd64 compressed oops)
Heap:
 PSYoungGen      total 73728K, used 30661K [0x00000000f5e00000, 0x00000000fac00000, 0x0000000100000000)
  eden space 68096K, 45% used [0x00000000f5e00000,0x00000000f7bf1420,0x00000000fa080000)
  from space 5632K, 0% used [0x00000000fa080000,0x00000000fa080000,0x00000000fa600000)
  to   space 5120K, 0% used [0x00000000fa600000,0x00000000fa600000,0x00000000fab00000)
 ParOldGen       total 23552K, used 11750K [0x00000000e1a00000, 0x00000000e3100000, 0x00000000f5e00000)
  object space 23552K, 49% used [0x00000000e1a00000,0x00000000e2579980,0x00000000e3100000)
 Metaspace       used 37823K, capacity 40040K, committed 40232K, reserved 1083392K
  class space    used 4905K, capacity 5301K, committed 5416K, reserved 1048576K
GC Heap History (10 events):
Event: 5.135 GC heap before
{Heap before GC invocations=9 (full 1):
 PSYoungGen      total 73216K, used 5003K [0x00000000f5e00000, 0x00000000fac00000, 0x0000000100000000)
  eden space 68096K, 0% used [0x00000000f5e00000,0x00000000f5e00000,0x00000000fa080000)
  from space 5120K, 97% used [0x00000000fa600000,0x00000000faae2d60,0x00000000fab00000)
  to   space 5632K, 0% used [0x00000000fa080000,0x00000000fa080000,0x00000000fa600000)
 ParOldGen       total 22016K, used 8578K [0x00000000e1a00000, 0x00000000e2f80000, 0x00000000f5e00000)
  object space 22016K, 38% used [0x00000000e1a00000,0x00000000e2260a30,0x00000000e2f80000)
 Metaspace       used 20210K, capacity 21082K, committed 21296K, reserved 1067008K
  class space    used 2631K, capacity 2822K, committed 2944K, reserved 1048576K
Event: 5.251 GC heap after
Heap after GC invocations=9 (full 1):
 PSYoungGen      total 73216K, used 0K [0x00000000f5e00000, 0x00000000fac00000, 0x0000000100000000)
  eden space 68096K, 0% used [0x00000000f5e00000,0x00000000f5e00000,0x00000000fa080000)
  from space 5120K, 0% used [0x00000000fa600000,0x00000000fa600000,0x00000000fab00000)
  to   space 5632K, 0% used [0x00000000fa080000,0x00000000fa080000,0x00000000fa600000)
 ParOldGen       total 23552K, used 8558K [0x00000000e1a00000, 0x00000000e3100000, 0x00000000f5e00000)
  object space 23552K, 36% used [0x00000000e1a00000,0x00000000e225b928,0x00000000e3100000)
 Metaspace       used 20210K, capacity 21082K, committed 21296K, reserved 1067008K
  class space    used 2631K, capacity 2822K, committed 2944K, reserved 1048576K
}
Event: 7.710 GC heap before
{Heap before GC invocations=10 (full 1):
 PSYoungGen      total 73216K, used 68096K [0x00000000f5e00000, 0x00000000fac00000, 0x0000000100000000)
  eden space 68096K, 100% used [0x00000000f5e00000,0x00000000fa080000,0x00000000fa080000)
  from space 5120K, 0% used [0x00000000fa600000,0x00000000fa600000,0x00000000fab00000)
  to   space 5632K, 0% used [0x00000000fa080000,0x00000000fa080000,0x00000000fa600000)
 ParOldGen       total 23552K, used 8558K [0x00000000e1a00000, 0x00000000e3100000, 0x00000000f5e00000)
  object space 23552K, 36% used [0x00000000e1a00000,0x00000000e225b928,0x00000000e3100000)
 Metaspace       used 25048K, capacity 26272K, committed 26368K, reserved 1073152K
  class space    used 3257K, capacity 3513K, committed 3584K, reserved 1048576K
Event: 7.761 GC heap after
Heap after GC invocations=10 (full 1):
 PSYoungGen      total 73728K, used 5614K [0x00000000f5e00000, 0x00000000fac00000, 0x0000000100000000)
  eden space 68096K, 0% used [0x00000000f5e00000,0x00000000f5e00000,0x00000000fa080000)
  from space 5632K, 99% used [0x00000000fa080000,0x00000000fa5fbb98,0x00000000fa600000)
  to   space 5120K, 0% used [0x00000000fa600000,0x00000000fa600000,0x00000000fab00000)
 ParOldGen       total 23552K, used 10891K [0x00000000e1a00000, 0x00000000e3100000, 0x00000000f5e00000)
  object space 23552K, 46% used [0x00000000e1a00000,0x00000000e24a2d98,0x00000000e3100000)
 Metaspace       used 25048K, capacity 26272K, committed 26368K, reserved 1073152K
  class space    used 3257K, capacity 3513K, committed 3584K, reserved 1048576K
}
Event: 12.084 GC heap before
{Heap before GC invocations=11 (full 1):
 PSYoungGen      total 73728K, used 73710K [0x00000000f5e00000, 0x00000000fac00000, 0x0000000100000000)
  eden space 68096K, 100% used [0x00000000f5e00000,0x00000000fa080000,0x00000000fa080000)
  from space 5632K, 99% used [0x00000000fa080000,0x00000000fa5fbb98,0x00000000fa600000)
  to   space 5120K, 0% used [0x00000000fa600000,0x00000000fa600000,0x00000000fab00000)
 ParOldGen       total 23552K, used 10891K [0x00000000e1a00000, 0x00000000e3100000, 0x00000000f5e00000)
  object space 23552K, 46% used [0x00000000e1a00000,0x00000000e24a2d98,0x00000000e3100000)
 Metaspace       used 32598K, capacity 34626K, committed 34944K, reserved 1079296K
  class space    used 4293K, capacity 4630K, committed 4736K, reserved 1048576K
Event: 12.159 GC heap after
Heap after GC invocations=11 (full 1):
 PSYoungGen      total 73216K, used 5089K [0x00000000f5e00000, 0x00000000fac00000, 0x0000000100000000)
  eden space 68096K, 0% used [0x00000000f5e00000,0x00000000f5e00000,0x00000000fa080000)
  from space 5120K, 99% used [0x00000000fa600000,0x00000000faaf8590,0x00000000fab00000)
  to   space 5632K, 0% used [0x00000000fa080000,0x00000000fa080000,0x00000000fa600000)
 ParOldGen       total 23552K, used 17037K [0x00000000e1a00000, 0x00000000e3100000, 0x00000000f5e00000)
  object space 23552K, 72% used [0x00000000e1a00000,0x00000000e2aa36c8,0x00000000e3100000)
 Metaspace       used 32598K, capacity 34626K, committed 34944K, reserved 1079296K
  class space    used 4293K, capacity 4630K, committed 4736K, reserved 1048576K
}
Event: 12.753 GC heap before
{Heap before GC invocations=12 (full 1):
 PSYoungGen      total 73216K, used 19287K [0x00000000f5e00000, 0x00000000fac00000, 0x0000000100000000)
  eden space 68096K, 20% used [0x00000000f5e00000,0x00000000f6bdd758,0x00000000fa080000)
  from space 5120K, 99% used [0x00000000fa600000,0x00000000faaf8590,0x00000000fab00000)
  to   space 5632K, 0% used [0x00000000fa080000,0x00000000fa080000,0x00000000fa600000)
 ParOldGen       total 23552K, used 17037K [0x00000000e1a00000, 0x00000000e3100000, 0x00000000f5e00000)
  object space 23552K, 72% used [0x00000000e1a00000,0x00000000e2aa36c8,0x00000000e3100000)
 Metaspace       used 33372K, capacity 35420K, committed 35496K, reserved 1079296K
  class space    used 4385K, capacity 4753K, committed 4776K, reserved 1048576K
Event: 12.777 GC heap after
Heap after GC invocations=12 (full 1):
 PSYoungGen      total 73728K, used 1068K [0x00000000f5e00000, 0x00000000fac00000, 0x0000000100000000)
  eden space 68096K, 0% used [0x00000000f5e00000,0x00000000f5e00000,0x00000000fa080000)
  from space 5632K, 18% used [0x00000000fa080000,0x00000000fa18b370,0x00000000fa600000)
  to   space 5120K, 0% used [0x00000000fa600000,0x00000000fa600000,0x00000000fab00000)
 ParOldGen       total 23552K, used 22077K [0x00000000e1a00000, 0x00000000e3100000, 0x00000000f5e00000)
  object space 23552K, 93% used [0x00000000e1a00000,0x00000000e2f8f4a8,0x00000000e3100000)
 Metaspace       used 33372K, capacity 35420K, committed 35496K, reserved 1079296K
  class space    used 4385K, capacity 4753K, committed 4776K, reserved 1048576K
}
Event: 12.777 GC heap before
{Heap before GC invocations=13 (full 2):
 PSYoungGen      total 73728K, used 1068K [0x00000000f5e00000, 0x00000000fac00000, 0x0000000100000000)
  eden space 68096K, 0% used [0x00000000f5e00000,0x00000000f5e00000,0x00000000fa080000)
  from space 5632K, 18% used [0x00000000fa080000,0x00000000fa18b370,0x00000000fa600000)
  to   space 5120K, 0% used [0x00000000fa600000,0x00000000fa600000,0x00000000fab00000)
 ParOldGen       total 23552K, used 22077K [0x00000000e1a00000, 0x00000000e3100000, 0x00000000f5e00000)
  object space 23552K, 93% used [0x00000000e1a00000,0x00000000e2f8f4a8,0x00000000e3100000)
 Metaspace       used 33372K, capacity 35420K, committed 35496K, reserved 1079296K
  class space    used 4385K, capacity 4753K, committed 4776K, reserved 1048576K
Event: 12.956 GC heap after
Heap after GC invocations=13 (full 2):
 PSYoungGen      total 73728K, used 0K [0x00000000f5e00000, 0x00000000fac00000, 0x0000000100000000)
  eden space 68096K, 0% used [0x00000000f5e00000,0x00000000f5e00000,0x00000000fa080000)
  from space 5632K, 0% used [0x00000000fa080000,0x00000000fa080000,0x00000000fa600000)
  to   space 5120K, 0% used [0x00000000fa600000,0x00000000fa600000,0x00000000fab00000)
 ParOldGen       total 23552K, used 11750K [0x00000000e1a00000, 0x00000000e3100000, 0x00000000f5e00000)
  object space 23552K, 49% used [0x00000000e1a00000,0x00000000e2579980,0x00000000e3100000)
 Metaspace       used 33372K, capacity 35420K, committed 35496K, reserved 1079296K
  class space    used 4385K, capacity 4753K, committed 4776K, reserved 1048576K
}

