# JRE version: Java(TM) SE Runtime Environment (8.0_333-b02) (build 1.8.0_333-b02)
# Java VM: Java HotSpot(TM) 64-Bit Server VM (25.333-b02 mixed mode windows-amd64 compressed oops)
Heap:
 PSYoungGen      total 38912K, used 25282K [0x00000000f5e00000, 0x00000000fa000000, 0x0000000100000000)
  eden space 34304K, 60% used [0x00000000f5e00000,0x00000000f72349f8,0x00000000f7f80000)
  from space 4608K, 99% used [0x00000000f7f80000,0x00000000f83fc010,0x00000000f8400000)
  to   space 6144K, 0% used [0x00000000f9a00000,0x00000000f9a00000,0x00000000fa000000)
 ParOldGen       total 22016K, used 10181K [0x00000000e1a00000, 0x00000000e2f80000, 0x00000000f5e00000)
  object space 22016K, 46% used [0x00000000e1a00000,0x00000000e23f1660,0x00000000e2f80000)
 Metaspace       used 15916K, capacity 16362K, committed 16640K, reserved 1064960K
  class space    used 1887K, capacity 2026K, committed 2048K, reserved 1048576K
GC Heap History (10 events):
Event: 2.713 GC heap before
{Heap before GC invocations=5 (full 0):
 PSYoungGen      total 9728K, used 9696K [0x00000000f5e00000, 0x00000000f7100000, 0x0000000100000000)
  eden space 8704K, 100% used [0x00000000f5e00000,0x00000000f6680000,0x00000000f6680000)
  from space 1024K, 96% used [0x00000000f6780000,0x00000000f6878020,0x00000000f6880000)
  to   space 1024K, 0% used [0x00000000f6680000,0x00000000f6680000,0x00000000f6780000)
 ParOldGen       total 22016K, used 4736K [0x00000000e1a00000, 0x00000000e2f80000, 0x00000000f5e00000)
  object space 22016K, 21% used [0x00000000e1a00000,0x00000000e1ea0328,0x00000000e2f80000)
 Metaspace       used 9544K, capacity 9788K, committed 9984K, reserved 1058816K
  class space    used 1141K, capacity 1222K, committed 1280K, reserved 1048576K
Event: 2.717 GC heap after
Heap after GC invocations=5 (full 0):
 PSYoungGen      total 9728K, used 1008K [0x00000000f5e00000, 0x00000000f7500000, 0x0000000100000000)
  eden space 8704K, 0% used [0x00000000f5e00000,0x00000000f5e00000,0x00000000f6680000)
  from space 1024K, 98% used [0x00000000f6680000,0x00000000f677c030,0x00000000f6780000)
  to   space 3072K, 0% used [0x00000000f7200000,0x00000000f7200000,0x00000000f7500000)
 ParOldGen       total 22016K, used 6306K [0x00000000e1a00000, 0x00000000e2f80000, 0x00000000f5e00000)
  object space 22016K, 28% used [0x00000000e1a00000,0x00000000e2028aa0,0x00000000e2f80000)
 Metaspace       used 9544K, capacity 9788K, committed 9984K, reserved 1058816K
  class space    used 1141K, capacity 1222K, committed 1280K, reserved 1048576K
}
Event: 2.918 GC heap before
{Heap before GC invocations=6 (full 0):
 PSYoungGen      total 9728K, used 9712K [0x00000000f5e00000, 0x00000000f7500000, 0x0000000100000000)
  eden space 8704K, 100% used [0x00000000f5e00000,0x00000000f6680000,0x00000000f6680000)
  from space 1024K, 98% used [0x00000000f6680000,0x00000000f677c030,0x00000000f6780000)
  to   space 3072K, 0% used [0x00000000f7200000,0x00000000f7200000,0x00000000f7500000)
 ParOldGen       total 22016K, used 6306K [0x00000000e1a00000, 0x00000000e2f80000, 0x00000000f5e00000)
  object space 22016K, 28% used [0x00000000e1a00000,0x00000000e2028aa0,0x00000000e2f80000)
 Metaspace       used 10545K, capacity 10782K, committed 10880K, reserved 1058816K
  class space    used 1269K, capacity 1358K, committed 1408K, reserved 1048576K
Event: 2.924 GC heap after
Heap after GC invocations=6 (full 0):
 PSYoungGen      total 20480K, used 2472K [0x00000000f5e00000, 0x00000000f7500000, 0x0000000100000000)
  eden space 17408K, 0% used [0x00000000f5e00000,0x00000000f5e00000,0x00000000f6f00000)
  from space 3072K, 80% used [0x00000000f7200000,0x00000000f746a210,0x00000000f7500000)
  to   space 3072K, 0% used [0x00000000f6f00000,0x00000000f6f00000,0x00000000f7200000)
 ParOldGen       total 22016K, used 6306K [0x00000000e1a00000, 0x00000000e2f80000, 0x00000000f5e00000)
  object space 22016K, 28% used [0x00000000e1a00000,0x00000000e2028aa0,0x00000000e2f80000)
 Metaspace       used 10545K, capacity 10782K, committed 10880K, reserved 1058816K
  class space    used 1269K, capacity 1358K, committed 1408K, reserved 1048576K
}
Event: 3.469 GC heap before
{Heap before GC invocations=7 (full 0):
 PSYoungGen      total 20480K, used 19880K [0x00000000f5e00000, 0x00000000f7500000, 0x0000000100000000)
  eden space 17408K, 100% used [0x00000000f5e00000,0x00000000f6f00000,0x00000000f6f00000)
  from space 3072K, 80% used [0x00000000f7200000,0x00000000f746a210,0x00000000f7500000)
  to   space 3072K, 0% used [0x00000000f6f00000,0x00000000f6f00000,0x00000000f7200000)
 ParOldGen       total 22016K, used 6306K [0x00000000e1a00000, 0x00000000e2f80000, 0x00000000f5e00000)
  object space 22016K, 28% used [0x00000000e1a00000,0x00000000e2028aa0,0x00000000e2f80000)
 Metaspace       used 12507K, capacity 12758K, committed 12928K, reserved 1060864K
  class space    used 1544K, capacity 1652K, committed 1664K, reserved 1048576K
Event: 3.491 GC heap after
Heap after GC invocations=7 (full 0):
 PSYoungGen      total 20480K, used 3054K [0x00000000f5e00000, 0x00000000f8800000, 0x0000000100000000)
  eden space 17408K, 0% used [0x00000000f5e00000,0x00000000f5e00000,0x00000000f6f00000)
  from space 3072K, 99% used [0x00000000f6f00000,0x00000000f71fbb48,0x00000000f7200000)
  to   space 4096K, 0% used [0x00000000f8400000,0x00000000f8400000,0x00000000f8800000)
 ParOldGen       total 22016K, used 7300K [0x00000000e1a00000, 0x00000000e2f80000, 0x00000000f5e00000)
  object space 22016K, 33% used [0x00000000e1a00000,0x00000000e21210f8,0x00000000e2f80000)
 Metaspace       used 12507K, capacity 12758K, committed 12928K, reserved 1060864K
  class space    used 1544K, capacity 1652K, committed 1664K, reserved 1048576K
}
Event: 4.570 GC heap before
{Heap before GC invocations=8 (full 0):
 PSYoungGen      total 20480K, used 20462K [0x00000000f5e00000, 0x00000000f8800000, 0x0000000100000000)
  eden space 17408K, 100% used [0x00000000f5e00000,0x00000000f6f00000,0x00000000f6f00000)
  from space 3072K, 99% used [0x00000000f6f00000,0x00000000f71fbb48,0x00000000f7200000)
  to   space 4096K, 0% used [0x00000000f8400000,0x00000000f8400000,0x00000000f8800000)
 ParOldGen       total 22016K, used 7300K [0x00000000e1a00000, 0x00000000e2f80000, 0x00000000f5e00000)
  object space 22016K, 33% used [0x00000000e1a00000,0x00000000e21210f8,0x00000000e2f80000)
 Metaspace       used 14593K, capacity 14968K, committed 15232K, reserved 1062912K
  class space    used 1798K, capacity 1888K, committed 1920K, reserved 1048576K
Event: 4.622 GC heap after
Heap after GC invocations=8 (full 0):
 PSYoungGen      total 38400K, used 4085K [0x00000000f5e00000, 0x00000000f8900000, 0x0000000100000000)
  eden space 34304K, 0% used [0x00000000f5e00000,0x00000000f5e00000,0x00000000f7f80000)
  from space 4096K, 99% used [0x00000000f8400000,0x00000000f87fd568,0x00000000f8800000)
  to   space 4608K, 0% used [0x00000000f7f80000,0x00000000f7f80000,0x00000000f8400000)
 ParOldGen       total 22016K, used 7568K [0x00000000e1a00000, 0x00000000e2f80000, 0x00000000f5e00000)
  object space 22016K, 34% used [0x00000000e1a00000,0x00000000e2164128,0x00000000e2f80000)
 Metaspace       used 14593K, capacity 14968K, committed 15232K, reserved 1062912K
  class space    used 1798K, capacity 1888K, committed 1920K, reserved 1048576K
}
Event: 7.143 GC heap before
{Heap before GC invocations=9 (full 0):
 PSYoungGen      total 38400K, used 38389K [0x00000000f5e00000, 0x00000000f8900000, 0x0000000100000000)
  eden space 34304K, 100% used [0x00000000f5e00000,0x00000000f7f80000,0x00000000f7f80000)
  from space 4096K, 99% used [0x00000000f8400000,0x00000000f87fd568,0x00000000f8800000)
  to   space 4608K, 0% used [0x00000000f7f80000,0x00000000f7f80000,0x00000000f8400000)
 ParOldGen       total 22016K, used 7568K [0x00000000e1a00000, 0x00000000e2f80000, 0x00000000f5e00000)
  object space 22016K, 34% used [0x00000000e1a00000,0x00000000e2164128,0x00000000e2f80000)
 Metaspace       used 15703K, capacity 16094K, committed 16384K, reserved 1062912K
  class space    used 1886K, capacity 2024K, committed 2048K, reserved 1048576K
Event: 7.164 GC heap after
Heap after GC invocations=9 (full 0):
 PSYoungGen      total 38912K, used 4592K [0x00000000f5e00000, 0x00000000fa000000, 0x0000000100000000)
  eden space 34304K, 0% used [0x00000000f5e00000,0x00000000f5e00000,0x00000000f7f80000)
  from space 4608K, 99% used [0x00000000f7f80000,0x00000000f83fc010,0x00000000f8400000)
  to   space 6144K, 0% used [0x00000000f9a00000,0x00000000f9a00000,0x00000000fa000000)
 ParOldGen       total 22016K, used 10181K [0x00000000e1a00000, 0x00000000e2f80000, 0x00000000f5e00000)
  object space 22016K, 46% used [0x00000000e1a00000,0x00000000e23f1660,0x00000000e2f80000)
 Metaspace       used 15703K, capacity 16094K, committed 16384K, reserved 1062912K
  class space    used 1886K, capacity 2024K, committed 2048K, reserved 1048576K
}

